
Showing logs for build [32mricable-istio-master-4fspm-1[0m stage [32mfrom-build-pack[0m and container [32mstep-credential-initializer-j4kcs[0m
{"level":"info","ts":1598515092.2349427,"logger":"fallback-logger","caller":"logging/config.go:69","msg":"Fetch GitHub commit ID from kodata failed: open /var/run/ko/refs/heads/0.8.0-ns-support: no such file or directory"}
{"level":"info","ts":1598515092.2355535,"logger":"fallback-logger","caller":"creds-init/main.go:40","msg":"Credentials initialized."}

Showing logs for build [32mricable-istio-master-4fspm-1[0m stage [32mfrom-build-pack[0m and container [32mstep-working-dir-initializer-kxrx5[0m
{"level":"info","ts":1598515093.5439625,"logger":"fallback-logger","caller":"logging/config.go:69","msg":"Fetch GitHub commit ID from kodata failed: open /var/run/ko/HEAD: no such file or directory"}
{"level":"info","ts":1598515093.5519063,"logger":"fallback-logger","caller":"bash/main.go:64","msg":"Successfully executed command \"sh -c mkdir -p /workspace/source\"; output "}

Showing logs for build [32mricable-istio-master-4fspm-1[0m stage [32mfrom-build-pack[0m and container [32mstep-place-tools[0m

Showing logs for build [32mricable-istio-master-4fspm-1[0m stage [32mfrom-build-pack[0m and container [32mstep-git-source-ricable-istio-master-4fspm-4n2s2[0m
{"level":"info","ts":1598515152.2853525,"logger":"fallback-logger","caller":"logging/config.go:69","msg":"Fetch GitHub commit ID from kodata failed: open /var/run/ko/refs/heads/0.8.0-ns-support: no such file or directory"}
{"level":"info","ts":1598515156.0048728,"logger":"fallback-logger","caller":"git/git.go:103","msg":"Successfully cloned https://github.com/*******/istio.git @ v1.7.2 in path /workspace/source"}

Showing logs for build [32mricable-istio-master-4fspm-1[0m stage [32mfrom-build-pack[0m and container [32mstep-setup-builder-home[0m

Showing logs for build [32mricable-istio-master-4fspm-1[0m stage [32mfrom-build-pack[0m and container [32mstep-git-merge[0m
Using SHAs from PULL_REFS=master:
WARNING: no SHAs to merge, falling back to initial cloned commit

Showing logs for build [32mricable-istio-master-4fspm-1[0m stage [32mfrom-build-pack[0m and container [32mstep-setup-jx-git-credentials[0m
Generated Git credentials file /workspace/xdg_config/git/credentials

Showing logs for build [32mricable-istio-master-4fspm-1[0m stage [32mfrom-build-pack[0m and container [32mstep-build-make-build[0m
the input device is not a TTY
make: *** [build] Error 1
[31m
Pipeline failed on stage 'from-build-pack' : container 'step-build-make-build'. The execution of the pipeline has stopped.[0m
